  Bucket.cpp
D:\Programming\Projects\C++\temaPOO\MultiSetPOO\MultisetPOO\MultisetPOO\Bucket.h(34,24): warning C4812: obsolete declaration style: please use 'Bucket<T>::Bucket' instead
  Comparator.cpp
  Multiset.cpp
D:\Programming\Projects\C++\temaPOO\MultiSetPOO\MultisetPOO\MultisetPOO\Bucket.h(34,24): warning C4812: obsolete declaration style: please use 'Bucket<T>::Bucket' instead
  MultisetPOO.cpp
D:\Programming\Projects\C++\temaPOO\MultiSetPOO\MultisetPOO\MultisetPOO\Bucket.h(34,24): warning C4812: obsolete declaration style: please use 'Bucket<T>::Bucket' instead
D:\Programming\Projects\C++\temaPOO\MultiSetPOO\MultisetPOO\MultisetPOO\Bucket.h(34,24): warning C4812: obsolete declaration style: please use 'Bucket<T>::Bucket' instead
          with
          [
              T=float
          ]
D:\Programming\Projects\C++\temaPOO\MultiSetPOO\MultisetPOO\MultisetPOO\Bucket.h(34): message : while compiling class template member function 'Bucket<T>::Bucket(void)'
          with
          [
              T=float
          ]
D:\Programming\VisualStudio\VC\Tools\MSVC\14.25.28610\include\xmemory(671): message : see reference to function template instantiation 'Bucket<T>::Bucket(void)' being compiled
          with
          [
              T=float
          ]
D:\Programming\VisualStudio\VC\Tools\MSVC\14.25.28610\include\xmemory(1497): message : see reference to function template instantiation 'void std::_Default_allocator_traits<_Alloc>::construct<_Ty,>(_Alloc &,_Objty *const )' being compiled
          with
          [
              _Alloc=std::allocator<Bucket<float>>,
              _Ty=Bucket<float>,
              _Objty=Bucket<float>
          ]
D:\Programming\VisualStudio\VC\Tools\MSVC\14.25.28610\include\xmemory(1498): message : see reference to function template instantiation 'void std::_Default_allocator_traits<_Alloc>::construct<_Ty,>(_Alloc &,_Objty *const )' being compiled
          with
          [
              _Alloc=std::allocator<Bucket<float>>,
              _Ty=Bucket<float>,
              _Objty=Bucket<float>
          ]
D:\Programming\VisualStudio\VC\Tools\MSVC\14.25.28610\include\xmemory(1836): message : see reference to function template instantiation 'void std::_Uninitialized_backout_al<_Alloc>::_Emplace_back<>(void)' being compiled
          with
          [
              _Alloc=std::allocator<Bucket<float>>
          ]
D:\Programming\VisualStudio\VC\Tools\MSVC\14.25.28610\include\xmemory(1836): message : see reference to function template instantiation 'void std::_Uninitialized_backout_al<_Alloc>::_Emplace_back<>(void)' being compiled
          with
          [
              _Alloc=std::allocator<Bucket<float>>
          ]
D:\Programming\VisualStudio\VC\Tools\MSVC\14.25.28610\include\vector(1583): message : see reference to function template instantiation 'Bucket<T> *std::_Uninitialized_value_construct_n<std::allocator<Bucket<T>>>(Bucket<T> *,unsigned int,_Alloc &)' being compiled
          with
          [
              T=float,
              _Alloc=std::allocator<Bucket<float>>
          ]
D:\Programming\VisualStudio\VC\Tools\MSVC\14.25.28610\include\vector(1581): message : while compiling class template member function 'Bucket<T> *std::vector<Bucket<T>,std::allocator<Bucket<T>>>::_Ufill(Bucket<T> *,const unsigned int,std::_Value_init_tag)'
          with
          [
              T=float
          ]
D:\Programming\VisualStudio\VC\Tools\MSVC\14.25.28610\include\vector(1232): message : see reference to function template instantiation 'Bucket<T> *std::vector<Bucket<T>,std::allocator<Bucket<T>>>::_Ufill(Bucket<T> *,const unsigned int,std::_Value_init_tag)' being compiled
          with
          [
              T=float
          ]
D:\Programming\Projects\C++\temaPOO\MultiSetPOO\MultisetPOO\MultisetPOO\Multiset.h(12): message : see reference to class template instantiation 'std::vector<Bucket<T>,std::allocator<Bucket<T>>>' being compiled
          with
          [
              T=float
          ]
D:\Programming\Projects\C++\temaPOO\MultiSetPOO\MultisetPOO\MultisetPOO\MultisetPOO.cpp(8): message : see reference to class template instantiation 'Multiset<float,Comparator<T>>' being compiled
          with
          [
              T=float
          ]
D:\Programming\Projects\C++\temaPOO\MultiSetPOO\MultisetPOO\MultisetPOO\Bucket.h(34,24): warning C4812: obsolete declaration style: please use 'Bucket<T>::Bucket' instead
          with
          [
              T=std::string
          ]
D:\Programming\Projects\C++\temaPOO\MultiSetPOO\MultisetPOO\MultisetPOO\Bucket.h(34): message : while compiling class template member function 'Bucket<T>::Bucket(void)'
          with
          [
              T=std::string
          ]
D:\Programming\VisualStudio\VC\Tools\MSVC\14.25.28610\include\xmemory(671): message : see reference to function template instantiation 'Bucket<T>::Bucket(void)' being compiled
          with
          [
              T=std::string
          ]
D:\Programming\VisualStudio\VC\Tools\MSVC\14.25.28610\include\xmemory(1497): message : see reference to function template instantiation 'void std::_Default_allocator_traits<_Alloc>::construct<_Ty,>(_Alloc &,_Objty *const )' being compiled
          with
          [
              _Alloc=std::allocator<Bucket<std::string>>,
              _Ty=Bucket<std::string>,
              _Objty=Bucket<std::string>
          ]
D:\Programming\VisualStudio\VC\Tools\MSVC\14.25.28610\include\xmemory(1498): message : see reference to function template instantiation 'void std::_Default_allocator_traits<_Alloc>::construct<_Ty,>(_Alloc &,_Objty *const )' being compiled
          with
          [
              _Alloc=std::allocator<Bucket<std::string>>,
              _Ty=Bucket<std::string>,
              _Objty=Bucket<std::string>
          ]
D:\Programming\VisualStudio\VC\Tools\MSVC\14.25.28610\include\xmemory(1836): message : see reference to function template instantiation 'void std::_Uninitialized_backout_al<_Alloc>::_Emplace_back<>(void)' being compiled
          with
          [
              _Alloc=std::allocator<Bucket<std::string>>
          ]
D:\Programming\VisualStudio\VC\Tools\MSVC\14.25.28610\include\xmemory(1836): message : see reference to function template instantiation 'void std::_Uninitialized_backout_al<_Alloc>::_Emplace_back<>(void)' being compiled
          with
          [
              _Alloc=std::allocator<Bucket<std::string>>
          ]
D:\Programming\VisualStudio\VC\Tools\MSVC\14.25.28610\include\vector(1583): message : see reference to function template instantiation 'Bucket<T> *std::_Uninitialized_value_construct_n<std::allocator<Bucket<T>>>(Bucket<T> *,unsigned int,_Alloc &)' being compiled
          with
          [
              T=std::string,
              _Alloc=std::allocator<Bucket<std::string>>
          ]
D:\Programming\VisualStudio\VC\Tools\MSVC\14.25.28610\include\vector(1581): message : while compiling class template member function 'Bucket<T> *std::vector<Bucket<T>,std::allocator<Bucket<T>>>::_Ufill(Bucket<T> *,const unsigned int,std::_Value_init_tag)'
          with
          [
              T=std::string
          ]
D:\Programming\VisualStudio\VC\Tools\MSVC\14.25.28610\include\vector(1232): message : see reference to function template instantiation 'Bucket<T> *std::vector<Bucket<T>,std::allocator<Bucket<T>>>::_Ufill(Bucket<T> *,const unsigned int,std::_Value_init_tag)' being compiled
          with
          [
              T=std::string
          ]
D:\Programming\Projects\C++\temaPOO\MultiSetPOO\MultisetPOO\MultisetPOO\Multiset.h(12): message : see reference to class template instantiation 'std::vector<Bucket<T>,std::allocator<Bucket<T>>>' being compiled
          with
          [
              T=std::string
          ]
D:\Programming\Projects\C++\temaPOO\MultiSetPOO\MultisetPOO\MultisetPOO\MultisetPOO.cpp(9): message : see reference to class template instantiation 'Multiset<std::string,Comparator<T>>' being compiled
          with
          [
              T=std::string
          ]
  Generating Code...
  MultisetPOO.vcxproj -> D:\Programming\Projects\C++\temaPOO\MultiSetPOO\MultisetPOO\Debug\MultisetPOO.exe
